<?xml version="1.0" encoding="UTF-8"?>
<testng-results ignored="0" total="1" passed="1" failed="0" skipped="0">
  <reporter-output>
  </reporter-output>
  <suite started-at="2024-07-30T13:27:28 IST" name="Suite" finished-at="2024-07-30T13:27:40 IST" duration-ms="12719">
    <groups>
    </groups>
    <test started-at="2024-07-30T13:27:28 IST" name="Test" finished-at="2024-07-30T13:27:40 IST" duration-ms="12719">
      <class name="org.stockwell.tests.LoginTest">
        <test-method is-config="true" signature="beforeSuit(java.lang.String,java.lang.String)[pri:0, instance:org.stockwell.tests.LoginTest@248e319b]" started-at="2024-07-30T13:27:28 IST" name="beforeSuit" finished-at="2024-07-30T13:27:28 IST" duration-ms="181" status="PASS">
          <params>
            <param index="0">
              <value>
                <![CDATA[staging]]>
              </value>
            </param>
            <param index="1">
              <value>
                <![CDATA[no]]>
              </value>
            </param>
          </params>
          <reporter-output>
          </reporter-output>
        </test-method> <!-- beforeSuit -->
        <test-method is-config="true" signature="beforeClass()[pri:0, instance:org.stockwell.tests.LoginTest@248e319b]" started-at="2024-07-30T13:27:28 IST" name="beforeClass" finished-at="2024-07-30T13:27:28 IST" duration-ms="0" status="PASS">
          <reporter-output>
          </reporter-output>
        </test-method> <!-- beforeClass -->
        <test-method is-config="true" signature="beforeMethod(java.lang.String,java.lang.String)[pri:0, instance:org.stockwell.tests.LoginTest@248e319b]" started-at="2024-07-30T13:27:28 IST" name="beforeMethod" finished-at="2024-07-30T13:27:30 IST" duration-ms="1970" status="PASS">
          <params>
            <param index="0">
              <value>
                <![CDATA[staging]]>
              </value>
            </param>
            <param index="1">
              <value>
                <![CDATA[chrome]]>
              </value>
            </param>
          </params>
          <reporter-output>
          </reporter-output>
        </test-method> <!-- beforeMethod -->
        <test-method signature="verifyLoginPageAsSuperUser()[pri:0, instance:org.stockwell.tests.LoginTest@248e319b]" started-at="2024-07-30T13:27:30 IST" name="verifyLoginPageAsSuperUser" description="C246383 - Login to the application with valid credentials" finished-at="2024-07-30T13:27:40 IST" duration-ms="10150" status="PASS">
          <reporter-output>
          </reporter-output>
        </test-method> <!-- verifyLoginPageAsSuperUser -->
        <test-method is-config="true" signature="afterMethod()[pri:0, instance:org.stockwell.tests.LoginTest@248e319b]" started-at="2024-07-30T13:27:40 IST" name="afterMethod" finished-at="2024-07-30T13:27:40 IST" duration-ms="113" status="PASS">
          <reporter-output>
          </reporter-output>
        </test-method> <!-- afterMethod -->
        <test-method is-config="true" signature="afterClass()[pri:0, instance:org.stockwell.tests.LoginTest@248e319b]" started-at="2024-07-30T13:27:40 IST" name="afterClass" finished-at="2024-07-30T13:27:40 IST" duration-ms="3" status="PASS">
          <reporter-output>
          </reporter-output>
        </test-method> <!-- afterClass -->
      </class> <!-- org.stockwell.tests.LoginTest -->
    </test> <!-- Test -->
  </suite> <!-- Suite -->
</testng-results>
